<?xml version="1.0" encoding="UTF-8"?>
<testsuites name="Mocha Tests" time="73.736" tests="3" failures="3">
  <testsuite name="Root Suite" timestamp="2023-02-27T22:18:18" tests="0" file="cypress\integration\webdriver-uni\checkboxes.js" time="0.000" failures="0">
  </testsuite>
  <testsuite name="Verify checkboxes via webdriveruni" timestamp="2023-02-27T22:18:18" tests="3" time="73.681" failures="3">
    <testcase name="Verify checkboxes via webdriveruni Check and validate checkbox" time="0.000" classname="Check and validate checkbox">
      <failure message="Timed out retrying: Expected to find element: `#checkboxes &gt; :nth-child(1) &gt; input`, but never found it." type="AssertionError"><![CDATA[AssertionError: Timed out retrying: Expected to find element: `#checkboxes > :nth-child(1) > input`, but never found it.
    at ensureExistence (http://www.webdriveruniversity.com/__cypress/runner/cypress_runner.js:137673:32)
    at Object.ensureElExistence (http://www.webdriveruniversity.com/__cypress/runner/cypress_runner.js:137691:12)
    at ensureExistence (http://www.webdriveruniversity.com/__cypress/runner/cypress_runner.js:127867:23)
    at onFailFn (http://www.webdriveruniversity.com/__cypress/runner/cypress_runner.js:127905:9)
    at tryCatcher (http://www.webdriveruniversity.com/__cypress/runner/cypress_runner.js:9065:23)
    at Promise._settlePromiseFromHandler (http://www.webdriveruniversity.com/__cypress/runner/cypress_runner.js:7000:31)
    at Promise._settlePromise (http://www.webdriveruniversity.com/__cypress/runner/cypress_runner.js:7057:18)
    at Promise._settlePromise0 (http://www.webdriveruniversity.com/__cypress/runner/cypress_runner.js:7102:10)
    at Promise._settlePromises (http://www.webdriveruniversity.com/__cypress/runner/cypress_runner.js:7178:18)
    at _drainQueueStep (http://www.webdriveruniversity.com/__cypress/runner/cypress_runner.js:3772:12)
    at _drainQueue (http://www.webdriveruniversity.com/__cypress/runner/cypress_runner.js:3765:9)
    at Async.../../node_modules/bluebird/js/release/async.js.Async._drainQueues (http://www.webdriveruniversity.com/__cypress/runner/cypress_runner.js:3781:5)
    at Async.drainQueues (http://www.webdriveruniversity.com/__cypress/runner/cypress_runner.js:3651:14)

      + expected - actual

]]></failure>
    </testcase>
    <testcase name="Verify checkboxes via webdriveruni Uncheck and validate checkbox" time="0.000" classname="Uncheck and validate checkbox">
      <failure message="Timed out retrying: Expected to find element: `:nth-child(5) &gt; input`, but never found it." type="AssertionError"><![CDATA[AssertionError: Timed out retrying: Expected to find element: `:nth-child(5) > input`, but never found it.
    at ensureExistence (http://www.webdriveruniversity.com/__cypress/runner/cypress_runner.js:137673:32)
    at Object.ensureElExistence (http://www.webdriveruniversity.com/__cypress/runner/cypress_runner.js:137691:12)
    at ensureExistence (http://www.webdriveruniversity.com/__cypress/runner/cypress_runner.js:127867:23)
    at onFailFn (http://www.webdriveruniversity.com/__cypress/runner/cypress_runner.js:127905:9)
    at tryCatcher (http://www.webdriveruniversity.com/__cypress/runner/cypress_runner.js:9065:23)
    at Promise._settlePromiseFromHandler (http://www.webdriveruniversity.com/__cypress/runner/cypress_runner.js:7000:31)
    at Promise._settlePromise (http://www.webdriveruniversity.com/__cypress/runner/cypress_runner.js:7057:18)
    at Promise._settlePromise0 (http://www.webdriveruniversity.com/__cypress/runner/cypress_runner.js:7102:10)
    at Promise._settlePromises (http://www.webdriveruniversity.com/__cypress/runner/cypress_runner.js:7178:18)
    at _drainQueueStep (http://www.webdriveruniversity.com/__cypress/runner/cypress_runner.js:3772:12)
    at _drainQueue (http://www.webdriveruniversity.com/__cypress/runner/cypress_runner.js:3765:9)
    at Async.../../node_modules/bluebird/js/release/async.js.Async._drainQueues (http://www.webdriveruniversity.com/__cypress/runner/cypress_runner.js:3781:5)
    at Async.drainQueues (http://www.webdriveruniversity.com/__cypress/runner/cypress_runner.js:3651:14)

      + expected - actual

]]></failure>
    </testcase>
    <testcase name="Verify checkboxes via webdriveruni Check mutiple checkboxes" time="0.000" classname="Check mutiple checkboxes">
      <failure message="Timed out retrying: Expected to find element: `input[type=&apos;checkbox&apos;]`, but never found it." type="AssertionError"><![CDATA[AssertionError: Timed out retrying: Expected to find element: `input[type='checkbox']`, but never found it.
    at ensureExistence (http://www.webdriveruniversity.com/__cypress/runner/cypress_runner.js:137673:32)
    at Object.ensureElExistence (http://www.webdriveruniversity.com/__cypress/runner/cypress_runner.js:137691:12)
    at ensureExistence (http://www.webdriveruniversity.com/__cypress/runner/cypress_runner.js:127867:23)
    at onFailFn (http://www.webdriveruniversity.com/__cypress/runner/cypress_runner.js:127905:9)
    at tryCatcher (http://www.webdriveruniversity.com/__cypress/runner/cypress_runner.js:9065:23)
    at Promise._settlePromiseFromHandler (http://www.webdriveruniversity.com/__cypress/runner/cypress_runner.js:7000:31)
    at Promise._settlePromise (http://www.webdriveruniversity.com/__cypress/runner/cypress_runner.js:7057:18)
    at Promise._settlePromise0 (http://www.webdriveruniversity.com/__cypress/runner/cypress_runner.js:7102:10)
    at Promise._settlePromises (http://www.webdriveruniversity.com/__cypress/runner/cypress_runner.js:7178:18)
    at _drainQueueStep (http://www.webdriveruniversity.com/__cypress/runner/cypress_runner.js:3772:12)
    at _drainQueue (http://www.webdriveruniversity.com/__cypress/runner/cypress_runner.js:3765:9)
    at Async.../../node_modules/bluebird/js/release/async.js.Async._drainQueues (http://www.webdriveruniversity.com/__cypress/runner/cypress_runner.js:3781:5)
    at Async.drainQueues (http://www.webdriveruniversity.com/__cypress/runner/cypress_runner.js:3651:14)

      + expected - actual

]]></failure>
    </testcase>
  </testsuite>
</testsuites>