<?xml version="1.0" encoding="UTF-8"?>
<testsuites name="Mocha Tests" time="18.878" tests="1" failures="1">
  <testsuite name="Root Suite" timestamp="2023-02-27T22:17:23" tests="0" file="cypress\integration\automation-test-store\variables-cy-commands.js" time="0.000" failures="0">
  </testsuite>
  <testsuite name="Verifying variables, cypress commands and jquery commands" timestamp="2023-02-27T22:17:24" tests="1" time="18.827" failures="1">
    <testcase name="Verifying variables, cypress commands and jquery commands Validate properties of the contact us page" time="0.000" classname="Validate properties of the contact us page">
      <failure message="Timed out retrying: Expected to find content: &apos;Contact Us Form&apos; within the selector: &apos;#ContactUsFrm&apos; but never did." type="AssertionError"><![CDATA[AssertionError: Timed out retrying: Expected to find content: 'Contact Us Form' within the selector: '#ContactUsFrm' but never did.
AssertionError: Expected to find element: `#ContactUsFrm:not(script,style):cy-contains('Contact Us Form'), #ContactUsFrm[type='submit'][value~='Contact Us Form']`, but never found it.
    at ensureExistence (https://automationteststore.com/__cypress/runner/cypress_runner.js:137673:32)
    at Object.ensureElExistence (https://automationteststore.com/__cypress/runner/cypress_runner.js:137691:12)
    at ensureExistence (https://automationteststore.com/__cypress/runner/cypress_runner.js:127867:23)
    at onFailFn (https://automationteststore.com/__cypress/runner/cypress_runner.js:127905:9)
    at tryCatcher (https://automationteststore.com/__cypress/runner/cypress_runner.js:9065:23)
    at Promise._settlePromiseFromHandler (https://automationteststore.com/__cypress/runner/cypress_runner.js:7000:31)
    at Promise._settlePromise (https://automationteststore.com/__cypress/runner/cypress_runner.js:7057:18)
    at Promise._settlePromise0 (https://automationteststore.com/__cypress/runner/cypress_runner.js:7102:10)
    at Promise._settlePromises (https://automationteststore.com/__cypress/runner/cypress_runner.js:7178:18)
    at _drainQueueStep (https://automationteststore.com/__cypress/runner/cypress_runner.js:3772:12)
    at _drainQueue (https://automationteststore.com/__cypress/runner/cypress_runner.js:3765:9)
    at Async.../../node_modules/bluebird/js/release/async.js.Async._drainQueues (https://automationteststore.com/__cypress/runner/cypress_runner.js:3781:5)
    at Async.drainQueues (https://automationteststore.com/__cypress/runner/cypress_runner.js:3651:14)

      + expected - actual

]]></failure>
    </testcase>
  </testsuite>
</testsuites>