<?xml version="1.0"?>
<testsuites>
<testsuite name="Root Suite" timestamp="2023-02-27T22:20:13" tests="0" file="cypress\integration\webdriver-uni\contact-us.js" time="0.000" failures="0"></testsuite>
<testsuite name="Test Contact Us form via WebdriverUni" timestamp="2023-02-27T22:20:13" tests="2" time="18.485" failures="1">
  
  <testcase name="Test Contact Us form via WebdriverUni &quot;before each&quot; hook for &quot;Should be able to submit a successful submission via contact us form&quot;" time="0.000" classname="&quot;before each&quot; hook for &quot;Should be able to submit a successful submission via contact us form&quot;">
    
    <failure message="Timed out retrying: Expected to find element: `#contact-us`, but never found it.

Because this error occurred during a `before each` hook we are skipping the remaining tests in the current suite: `Test Contact Us form via We...`" type="AssertionError"><![CDATA[AssertionError: Timed out retrying: Expected to find element: `#contact-us`, but never found it.

Because this error occurred during a `before each` hook we are skipping the remaining tests in the current suite: `Test Contact Us form via We...`
    at ensureExistence (http://www.webdriveruniversity.com/__cypress/runner/cypress_runner.js:137673:32)
    at Object.ensureElExistence (http://www.webdriveruniversity.com/__cypress/runner/cypress_runner.js:137691:12)
    at ensureExistence (http://www.webdriveruniversity.com/__cypress/runner/cypress_runner.js:127867:23)
    at onFailFn (http://www.webdriveruniversity.com/__cypress/runner/cypress_runner.js:127905:9)
    at tryCatcher (http://www.webdriveruniversity.com/__cypress/runner/cypress_runner.js:9065:23)
    at Promise._settlePromiseFromHandler (http://www.webdriveruniversity.com/__cypress/runner/cypress_runner.js:7000:31)
    at Promise._settlePromise (http://www.webdriveruniversity.com/__cypress/runner/cypress_runner.js:7057:18)
    at Promise._settlePromise0 (http://www.webdriveruniversity.com/__cypress/runner/cypress_runner.js:7102:10)
    at Promise._settlePromises (http://www.webdriveruniversity.com/__cypress/runner/cypress_runner.js:7178:18)
    at _drainQueueStep (http://www.webdriveruniversity.com/__cypress/runner/cypress_runner.js:3772:12)
    at _drainQueue (http://www.webdriveruniversity.com/__cypress/runner/cypress_runner.js:3765:9)
    at Async.../../node_modules/bluebird/js/release/async.js.Async._drainQueues (http://www.webdriveruniversity.com/__cypress/runner/cypress_runner.js:3781:5)
    at Async.drainQueues (http://www.webdriveruniversity.com/__cypress/runner/cypress_runner.js:3651:14)

      + expected - actual]]></failure>
    
  </testcase>
  
</testsuite>

<testsuite name="Root Suite" timestamp="2023-02-27T22:23:49" tests="0" file="cypress\integration\webdriver-uni\iframe.js" time="0.000" failures="0"></testsuite>
<testsuite name="Handling iFrame and Modals" timestamp="2023-02-27T22:23:49" tests="1" time="25.365" failures="1">
  
  <testcase name="Handling iFrame and Modals Handle webdriveruni iFrame and Modal" time="0.000" classname="Handle webdriveruni iFrame and Modal">
    
    <failure message="Timed out retrying: Expected to find element: `#iframe`, but never found it." type="AssertionError"><![CDATA[AssertionError: Timed out retrying: Expected to find element: `#iframe`, but never found it.
    at ensureExistence (http://www.webdriveruniversity.com/__cypress/runner/cypress_runner.js:137673:32)
    at Object.ensureElExistence (http://www.webdriveruniversity.com/__cypress/runner/cypress_runner.js:137691:12)
    at ensureExistence (http://www.webdriveruniversity.com/__cypress/runner/cypress_runner.js:127867:23)
    at onFailFn (http://www.webdriveruniversity.com/__cypress/runner/cypress_runner.js:127905:9)
    at tryCatcher (http://www.webdriveruniversity.com/__cypress/runner/cypress_runner.js:9065:23)
    at Promise._settlePromiseFromHandler (http://www.webdriveruniversity.com/__cypress/runner/cypress_runner.js:7000:31)
    at Promise._settlePromise (http://www.webdriveruniversity.com/__cypress/runner/cypress_runner.js:7057:18)
    at Promise._settlePromise0 (http://www.webdriveruniversity.com/__cypress/runner/cypress_runner.js:7102:10)
    at Promise._settlePromises (http://www.webdriveruniversity.com/__cypress/runner/cypress_runner.js:7178:18)
    at _drainQueueStep (http://www.webdriveruniversity.com/__cypress/runner/cypress_runner.js:3772:12)
    at _drainQueue (http://www.webdriveruniversity.com/__cypress/runner/cypress_runner.js:3765:9)
    at Async.../../node_modules/bluebird/js/release/async.js.Async._drainQueues (http://www.webdriveruniversity.com/__cypress/runner/cypress_runner.js:3781:5)
    at Async.drainQueues (http://www.webdriveruniversity.com/__cypress/runner/cypress_runner.js:3651:14)

      + expected - actual]]></failure>
    
  </testcase>
  
</testsuite>

<testsuite name="Root Suite" timestamp="2023-02-27T22:24:30" tests="0" file="cypress\integration\webdriver-uni\js-alert.js" time="0.000" failures="0"></testsuite>
<testsuite name="Handle JS alerts" timestamp="2023-02-27T22:24:30" tests="1" time="18.560" failures="1">
  
  <testcase name="Handle JS alerts confirm js confirm alert box works correctly when you click ok" time="0.000" classname="confirm js confirm alert box works correctly when you click ok">
    
    <failure message="Timed out retrying: Expected to find element: `#popup-alerts`, but never found it." type="AssertionError"><![CDATA[AssertionError: Timed out retrying: Expected to find element: `#popup-alerts`, but never found it.
    at ensureExistence (http://www.webdriveruniversity.com/__cypress/runner/cypress_runner.js:137673:32)
    at Object.ensureElExistence (http://www.webdriveruniversity.com/__cypress/runner/cypress_runner.js:137691:12)
    at ensureExistence (http://www.webdriveruniversity.com/__cypress/runner/cypress_runner.js:127867:23)
    at onFailFn (http://www.webdriveruniversity.com/__cypress/runner/cypress_runner.js:127905:9)
    at tryCatcher (http://www.webdriveruniversity.com/__cypress/runner/cypress_runner.js:9065:23)
    at Promise._settlePromiseFromHandler (http://www.webdriveruniversity.com/__cypress/runner/cypress_runner.js:7000:31)
    at Promise._settlePromise (http://www.webdriveruniversity.com/__cypress/runner/cypress_runner.js:7057:18)
    at Promise._settlePromise0 (http://www.webdriveruniversity.com/__cypress/runner/cypress_runner.js:7102:10)
    at Promise._settlePromises (http://www.webdriveruniversity.com/__cypress/runner/cypress_runner.js:7178:18)
    at _drainQueueStep (http://www.webdriveruniversity.com/__cypress/runner/cypress_runner.js:3772:12)
    at _drainQueue (http://www.webdriveruniversity.com/__cypress/runner/cypress_runner.js:3765:9)
    at Async.../../node_modules/bluebird/js/release/async.js.Async._drainQueues (http://www.webdriveruniversity.com/__cypress/runner/cypress_runner.js:3781:5)
    at Async.drainQueues (http://www.webdriveruniversity.com/__cypress/runner/cypress_runner.js:3651:14)

      + expected - actual]]></failure>
    
  </testcase>
  
</testsuite>

<testsuite name="Root Suite" timestamp="2023-02-27T22:25:00" tests="0" file="cypress\integration\webdriver-uni\mouse-actions.js" time="0.000" failures="0"></testsuite>
<testsuite name="Test mouse-actions" timestamp="2023-02-27T22:25:00" tests="4" time="93.902" failures="4">
  
  <testcase name="Test mouse-actions Scroll elements into view" time="0.000" classname="Scroll elements into view">
    
    <failure message="Timed out retrying: Expected to find element: `#actions`, but never found it." type="AssertionError"><![CDATA[AssertionError: Timed out retrying: Expected to find element: `#actions`, but never found it.
    at ensureExistence (http://www.webdriveruniversity.com/__cypress/runner/cypress_runner.js:137673:32)
    at Object.ensureElExistence (http://www.webdriveruniversity.com/__cypress/runner/cypress_runner.js:137691:12)
    at ensureExistence (http://www.webdriveruniversity.com/__cypress/runner/cypress_runner.js:127867:23)
    at onFailFn (http://www.webdriveruniversity.com/__cypress/runner/cypress_runner.js:127905:9)
    at tryCatcher (http://www.webdriveruniversity.com/__cypress/runner/cypress_runner.js:9065:23)
    at Promise._settlePromiseFromHandler (http://www.webdriveruniversity.com/__cypress/runner/cypress_runner.js:7000:31)
    at Promise._settlePromise (http://www.webdriveruniversity.com/__cypress/runner/cypress_runner.js:7057:18)
    at Promise._settlePromise0 (http://www.webdriveruniversity.com/__cypress/runner/cypress_runner.js:7102:10)
    at Promise._settlePromises (http://www.webdriveruniversity.com/__cypress/runner/cypress_runner.js:7178:18)
    at _drainQueueStep (http://www.webdriveruniversity.com/__cypress/runner/cypress_runner.js:3772:12)
    at _drainQueue (http://www.webdriveruniversity.com/__cypress/runner/cypress_runner.js:3765:9)
    at Async.../../node_modules/bluebird/js/release/async.js.Async._drainQueues (http://www.webdriveruniversity.com/__cypress/runner/cypress_runner.js:3781:5)
    at Async.drainQueues (http://www.webdriveruniversity.com/__cypress/runner/cypress_runner.js:3651:14)

      + expected - actual]]></failure>
    
  </testcase>
  
  <testcase name="Test mouse-actions I should be able to drag and drop a draggable item" time="0.000" classname="I should be able to drag and drop a draggable item">
    
    <failure message="Timed out retrying: Expected to find element: `#actions`, but never found it." type="AssertionError"><![CDATA[AssertionError: Timed out retrying: Expected to find element: `#actions`, but never found it.
    at ensureExistence (http://www.webdriveruniversity.com/__cypress/runner/cypress_runner.js:137673:32)
    at Object.ensureElExistence (http://www.webdriveruniversity.com/__cypress/runner/cypress_runner.js:137691:12)
    at ensureExistence (http://www.webdriveruniversity.com/__cypress/runner/cypress_runner.js:127867:23)
    at onFailFn (http://www.webdriveruniversity.com/__cypress/runner/cypress_runner.js:127905:9)
    at tryCatcher (http://www.webdriveruniversity.com/__cypress/runner/cypress_runner.js:9065:23)
    at Promise._settlePromiseFromHandler (http://www.webdriveruniversity.com/__cypress/runner/cypress_runner.js:7000:31)
    at Promise._settlePromise (http://www.webdriveruniversity.com/__cypress/runner/cypress_runner.js:7057:18)
    at Promise._settlePromise0 (http://www.webdriveruniversity.com/__cypress/runner/cypress_runner.js:7102:10)
    at Promise._settlePromises (http://www.webdriveruniversity.com/__cypress/runner/cypress_runner.js:7178:18)
    at _drainQueueStep (http://www.webdriveruniversity.com/__cypress/runner/cypress_runner.js:3772:12)
    at _drainQueue (http://www.webdriveruniversity.com/__cypress/runner/cypress_runner.js:3765:9)
    at Async.../../node_modules/bluebird/js/release/async.js.Async._drainQueues (http://www.webdriveruniversity.com/__cypress/runner/cypress_runner.js:3781:5)
    at Async.drainQueues (http://www.webdriveruniversity.com/__cypress/runner/cypress_runner.js:3651:14)

      + expected - actual]]></failure>
    
  </testcase>
  
  <testcase name="Test mouse-actions I should be able to doubleclick item" time="0.000" classname="I should be able to doubleclick item">
    
    <failure message="Timed out retrying: Expected to find element: `#actions`, but never found it." type="AssertionError"><![CDATA[AssertionError: Timed out retrying: Expected to find element: `#actions`, but never found it.
    at ensureExistence (http://www.webdriveruniversity.com/__cypress/runner/cypress_runner.js:137673:32)
    at Object.ensureElExistence (http://www.webdriveruniversity.com/__cypress/runner/cypress_runner.js:137691:12)
    at ensureExistence (http://www.webdriveruniversity.com/__cypress/runner/cypress_runner.js:127867:23)
    at onFailFn (http://www.webdriveruniversity.com/__cypress/runner/cypress_runner.js:127905:9)
    at tryCatcher (http://www.webdriveruniversity.com/__cypress/runner/cypress_runner.js:9065:23)
    at Promise._settlePromiseFromHandler (http://www.webdriveruniversity.com/__cypress/runner/cypress_runner.js:7000:31)
    at Promise._settlePromise (http://www.webdriveruniversity.com/__cypress/runner/cypress_runner.js:7057:18)
    at Promise._settlePromise0 (http://www.webdriveruniversity.com/__cypress/runner/cypress_runner.js:7102:10)
    at Promise._settlePromises (http://www.webdriveruniversity.com/__cypress/runner/cypress_runner.js:7178:18)
    at _drainQueueStep (http://www.webdriveruniversity.com/__cypress/runner/cypress_runner.js:3772:12)
    at _drainQueue (http://www.webdriveruniversity.com/__cypress/runner/cypress_runner.js:3765:9)
    at Async.../../node_modules/bluebird/js/release/async.js.Async._drainQueues (http://www.webdriveruniversity.com/__cypress/runner/cypress_runner.js:3781:5)
    at Async.drainQueues (http://www.webdriveruniversity.com/__cypress/runner/cypress_runner.js:3651:14)

      + expected - actual]]></failure>
    
  </testcase>
  
  <testcase name="Test mouse-actions I should be able to click and hold the left mouse button on a given item" time="0.000" classname="I should be able to click and hold the left mouse button on a given item">
    
    <failure message="Timed out retrying: Expected to find element: `#actions`, but never found it." type="AssertionError"><![CDATA[AssertionError: Timed out retrying: Expected to find element: `#actions`, but never found it.
    at ensureExistence (http://www.webdriveruniversity.com/__cypress/runner/cypress_runner.js:137673:32)
    at Object.ensureElExistence (http://www.webdriveruniversity.com/__cypress/runner/cypress_runner.js:137691:12)
    at ensureExistence (http://www.webdriveruniversity.com/__cypress/runner/cypress_runner.js:127867:23)
    at onFailFn (http://www.webdriveruniversity.com/__cypress/runner/cypress_runner.js:127905:9)
    at tryCatcher (http://www.webdriveruniversity.com/__cypress/runner/cypress_runner.js:9065:23)
    at Promise._settlePromiseFromHandler (http://www.webdriveruniversity.com/__cypress/runner/cypress_runner.js:7000:31)
    at Promise._settlePromise (http://www.webdriveruniversity.com/__cypress/runner/cypress_runner.js:7057:18)
    at Promise._settlePromise0 (http://www.webdriveruniversity.com/__cypress/runner/cypress_runner.js:7102:10)
    at Promise._settlePromises (http://www.webdriveruniversity.com/__cypress/runner/cypress_runner.js:7178:18)
    at _drainQueueStep (http://www.webdriveruniversity.com/__cypress/runner/cypress_runner.js:3772:12)
    at _drainQueue (http://www.webdriveruniversity.com/__cypress/runner/cypress_runner.js:3765:9)
    at Async.../../node_modules/bluebird/js/release/async.js.Async._drainQueues (http://www.webdriveruniversity.com/__cypress/runner/cypress_runner.js:3781:5)
    at Async.drainQueues (http://www.webdriveruniversity.com/__cypress/runner/cypress_runner.js:3651:14)

      + expected - actual]]></failure>
    
  </testcase>
  
</testsuite>

<testsuite name="Root Suite" timestamp="2023-02-27T22:22:42" tests="0" file="cypress\integration\webdriver-uni\dropdown.js" time="0.000" failures="0"></testsuite>
<testsuite name="Interact with dropdown lists" timestamp="2023-02-27T22:22:42" tests="1" time="25.717" failures="1">
  
  <testcase name="Interact with dropdown lists Select specific values via dropdown lists" time="0.000" classname="Select specific values via dropdown lists">
    
    <failure message="Timed out retrying: Expected to find element: `#dropdown-checkboxes-radiobuttons`, but never found it." type="AssertionError"><![CDATA[AssertionError: Timed out retrying: Expected to find element: `#dropdown-checkboxes-radiobuttons`, but never found it.
    at ensureExistence (http://www.webdriveruniversity.com/__cypress/runner/cypress_runner.js:137673:32)
    at Object.ensureElExistence (http://www.webdriveruniversity.com/__cypress/runner/cypress_runner.js:137691:12)
    at ensureExistence (http://www.webdriveruniversity.com/__cypress/runner/cypress_runner.js:127867:23)
    at onFailFn (http://www.webdriveruniversity.com/__cypress/runner/cypress_runner.js:127905:9)
    at tryCatcher (http://www.webdriveruniversity.com/__cypress/runner/cypress_runner.js:9065:23)
    at Promise._settlePromiseFromHandler (http://www.webdriveruniversity.com/__cypress/runner/cypress_runner.js:7000:31)
    at Promise._settlePromise (http://www.webdriveruniversity.com/__cypress/runner/cypress_runner.js:7057:18)
    at Promise._settlePromise0 (http://www.webdriveruniversity.com/__cypress/runner/cypress_runner.js:7102:10)
    at Promise._settlePromises (http://www.webdriveruniversity.com/__cypress/runner/cypress_runner.js:7178:18)
    at _drainQueueStep (http://www.webdriveruniversity.com/__cypress/runner/cypress_runner.js:3772:12)
    at _drainQueue (http://www.webdriveruniversity.com/__cypress/runner/cypress_runner.js:3765:9)
    at Async.../../node_modules/bluebird/js/release/async.js.Async._drainQueues (http://www.webdriveruniversity.com/__cypress/runner/cypress_runner.js:3781:5)
    at Async.drainQueues (http://www.webdriveruniversity.com/__cypress/runner/cypress_runner.js:3651:14)

      + expected - actual]]></failure>
    
  </testcase>
  
</testsuite>

<testsuite name="Root Suite" timestamp="2023-02-27T22:16:20" tests="0" file="cypress\integration\automation-test-store\inspect-item.js" time="0.000" failures="0"></testsuite>
<testsuite name="Inspect Automation Test Store items using chain of commands " timestamp="2023-02-27T22:16:21" tests="1" time="16.079" failures="1">
  
  <testcase name="Inspect Automation Test Store items using chain of commands  Click on the first item using item text" time="0.000" classname="Click on the first item using item text">
    
    <failure message="Timed out retrying: Expected to find element: `.prdocutname`, but never found it." type="AssertionError"><![CDATA[AssertionError: Timed out retrying: Expected to find element: `.prdocutname`, but never found it.
    at ensureExistence (https://www.automationteststore.com/__cypress/runner/cypress_runner.js:137673:32)
    at Object.ensureElExistence (https://www.automationteststore.com/__cypress/runner/cypress_runner.js:137691:12)
    at ensureExistence (https://www.automationteststore.com/__cypress/runner/cypress_runner.js:127867:23)
    at onFailFn (https://www.automationteststore.com/__cypress/runner/cypress_runner.js:127905:9)
    at tryCatcher (https://www.automationteststore.com/__cypress/runner/cypress_runner.js:9065:23)
    at Promise._settlePromiseFromHandler (https://www.automationteststore.com/__cypress/runner/cypress_runner.js:7000:31)
    at Promise._settlePromise (https://www.automationteststore.com/__cypress/runner/cypress_runner.js:7057:18)
    at Promise._settlePromise0 (https://www.automationteststore.com/__cypress/runner/cypress_runner.js:7102:10)
    at Promise._settlePromises (https://www.automationteststore.com/__cypress/runner/cypress_runner.js:7178:18)
    at _drainQueueStep (https://www.automationteststore.com/__cypress/runner/cypress_runner.js:3772:12)
    at _drainQueue (https://www.automationteststore.com/__cypress/runner/cypress_runner.js:3765:9)
    at Async.../../node_modules/bluebird/js/release/async.js.Async._drainQueues (https://www.automationteststore.com/__cypress/runner/cypress_runner.js:3781:5)
    at Async.drainQueues (https://www.automationteststore.com/__cypress/runner/cypress_runner.js:3651:14)

      + expected - actual]]></failure>
    
  </testcase>
  
</testsuite>

<testsuite name="Root Suite" timestamp="2023-02-27T22:23:22" tests="0" file="cypress\integration\webdriver-uni\file-upload.js" time="0.000" failures="0"></testsuite>
<testsuite name="Test File Upload via webdriveruni" timestamp="2023-02-27T22:23:22" tests="1" time="16.407" failures="1">
  
  <testcase name="Test File Upload via webdriveruni Upload a file...." time="0.000" classname="Upload a file....">
    
    <failure message="Timed out retrying: Expected to find element: `#file-upload`, but never found it." type="AssertionError"><![CDATA[AssertionError: Timed out retrying: Expected to find element: `#file-upload`, but never found it.
    at ensureExistence (http://www.webdriveruniversity.com/__cypress/runner/cypress_runner.js:137673:32)
    at Object.ensureElExistence (http://www.webdriveruniversity.com/__cypress/runner/cypress_runner.js:137691:12)
    at ensureExistence (http://www.webdriveruniversity.com/__cypress/runner/cypress_runner.js:127867:23)
    at onFailFn (http://www.webdriveruniversity.com/__cypress/runner/cypress_runner.js:127905:9)
    at tryCatcher (http://www.webdriveruniversity.com/__cypress/runner/cypress_runner.js:9065:23)
    at Promise._settlePromiseFromHandler (http://www.webdriveruniversity.com/__cypress/runner/cypress_runner.js:7000:31)
    at Promise._settlePromise (http://www.webdriveruniversity.com/__cypress/runner/cypress_runner.js:7057:18)
    at Promise._settlePromise0 (http://www.webdriveruniversity.com/__cypress/runner/cypress_runner.js:7102:10)
    at Promise._settlePromises (http://www.webdriveruniversity.com/__cypress/runner/cypress_runner.js:7178:18)
    at _drainQueueStep (http://www.webdriveruniversity.com/__cypress/runner/cypress_runner.js:3772:12)
    at _drainQueue (http://www.webdriveruniversity.com/__cypress/runner/cypress_runner.js:3765:9)
    at Async.../../node_modules/bluebird/js/release/async.js.Async._drainQueues (http://www.webdriveruniversity.com/__cypress/runner/cypress_runner.js:3781:5)
    at Async.drainQueues (http://www.webdriveruniversity.com/__cypress/runner/cypress_runner.js:3651:14)

      + expected - actual]]></failure>
    
  </testcase>
  
</testsuite>

<testsuite name="Root Suite" timestamp="2023-02-27T22:17:55" tests="0" file="cypress\integration\webdriver-uni\1.1 traversing-elements.js" time="0.000" failures="0"></testsuite>
<testsuite name="Traversing DOM elements in Cypress" timestamp="2023-02-27T22:17:55" tests="1" time="12.694" failures="1">
  
  <testcase name="Traversing DOM elements in Cypress &quot;before each&quot; hook for &quot;parents() to get parents DOM element of elements&quot;" time="0.000" classname="&quot;before each&quot; hook for &quot;parents() to get parents DOM element of elements&quot;">
    
    <failure message="Timed out retrying: Expected to find element: `#data-table`, but never found it.

Because this error occurred during a `before each` hook we are skipping the remaining tests in the current suite: `Traversing DOM elements in ...`" type="AssertionError"><![CDATA[AssertionError: Timed out retrying: Expected to find element: `#data-table`, but never found it.

Because this error occurred during a `before each` hook we are skipping the remaining tests in the current suite: `Traversing DOM elements in ...`
    at ensureExistence (http://www.webdriveruniversity.com/__cypress/runner/cypress_runner.js:137673:32)
    at Object.ensureElExistence (http://www.webdriveruniversity.com/__cypress/runner/cypress_runner.js:137691:12)
    at ensureExistence (http://www.webdriveruniversity.com/__cypress/runner/cypress_runner.js:127867:23)
    at onFailFn (http://www.webdriveruniversity.com/__cypress/runner/cypress_runner.js:127905:9)
    at tryCatcher (http://www.webdriveruniversity.com/__cypress/runner/cypress_runner.js:9065:23)
    at Promise._settlePromiseFromHandler (http://www.webdriveruniversity.com/__cypress/runner/cypress_runner.js:7000:31)
    at Promise._settlePromise (http://www.webdriveruniversity.com/__cypress/runner/cypress_runner.js:7057:18)
    at Promise._settlePromise0 (http://www.webdriveruniversity.com/__cypress/runner/cypress_runner.js:7102:10)
    at Promise._settlePromises (http://www.webdriveruniversity.com/__cypress/runner/cypress_runner.js:7178:18)
    at _drainQueueStep (http://www.webdriveruniversity.com/__cypress/runner/cypress_runner.js:3772:12)
    at _drainQueue (http://www.webdriveruniversity.com/__cypress/runner/cypress_runner.js:3765:9)
    at Async.../../node_modules/bluebird/js/release/async.js.Async._drainQueues (http://www.webdriveruniversity.com/__cypress/runner/cypress_runner.js:3781:5)
    at Async.drainQueues (http://www.webdriveruniversity.com/__cypress/runner/cypress_runner.js:3651:14)

      + expected - actual]]></failure>
    
  </testcase>
  
</testsuite>

<testsuite name="Root Suite" timestamp="2023-02-27T22:15:52" tests="0" file="cypress\integration\automation-test-store\contact-us.js" time="0.000" failures="0"></testsuite>
<testsuite name="Test Contact Us form via Automation Test Store" timestamp="2023-02-27T22:15:52" tests="1" time="17.586" failures="1">
  
  <testcase name="Test Contact Us form via Automation Test Store Should be able to submit a successful submission via contact us form" time="0.000" classname="Should be able to submit a successful submission via contact us form">
    
    <failure message="Timed out retrying: Expected to find element: `a[href$=&apos;contact&apos;]`, but never found it." type="AssertionError"><![CDATA[AssertionError: Timed out retrying: Expected to find element: `a[href$='contact']`, but never found it.
    at ensureExistence (https://www.automationteststore.com/__cypress/runner/cypress_runner.js:137673:32)
    at Object.ensureElExistence (https://www.automationteststore.com/__cypress/runner/cypress_runner.js:137691:12)
    at ensureExistence (https://www.automationteststore.com/__cypress/runner/cypress_runner.js:127867:23)
    at onFailFn (https://www.automationteststore.com/__cypress/runner/cypress_runner.js:127905:9)
    at tryCatcher (https://www.automationteststore.com/__cypress/runner/cypress_runner.js:9065:23)
    at Promise._settlePromiseFromHandler (https://www.automationteststore.com/__cypress/runner/cypress_runner.js:7000:31)
    at Promise._settlePromise (https://www.automationteststore.com/__cypress/runner/cypress_runner.js:7057:18)
    at Promise._settlePromise0 (https://www.automationteststore.com/__cypress/runner/cypress_runner.js:7102:10)
    at Promise._settlePromises (https://www.automationteststore.com/__cypress/runner/cypress_runner.js:7178:18)
    at _drainQueueStep (https://www.automationteststore.com/__cypress/runner/cypress_runner.js:3772:12)
    at _drainQueue (https://www.automationteststore.com/__cypress/runner/cypress_runner.js:3765:9)
    at Async.../../node_modules/bluebird/js/release/async.js.Async._drainQueues (https://www.automationteststore.com/__cypress/runner/cypress_runner.js:3781:5)
    at Async.drainQueues (https://www.automationteststore.com/__cypress/runner/cypress_runner.js:3651:14)

      + expected - actual]]></failure>
    
  </testcase>
  
</testsuite>

<testsuite name="Root Suite" timestamp="2023-02-27T22:14:16" tests="0" file="cypress\integration\automation-test-store\add_Multiple-Items-to -items.js" time="0.000" failures="0"></testsuite>
<testsuite name="Add multiple items to basket" timestamp="2023-02-27T22:14:16" tests="1" time="21.316" failures="1">
  
  <testcase name="Add multiple items to basket &quot;before each&quot; hook for &quot;Add specific items to basket&quot;" time="0.000" classname="&quot;before each&quot; hook for &quot;Add specific items to basket&quot;">
    
    <failure message="Timed out retrying: Expected to find element: `a[href*=&apos;product/category&amp;path=&apos;]`, but never found it.

Because this error occurred during a `before each` hook we are skipping the remaining tests in the current suite: `Add multiple items to basket`" type="AssertionError"><![CDATA[AssertionError: Timed out retrying: Expected to find element: `a[href*='product/category&path=']`, but never found it.

Because this error occurred during a `before each` hook we are skipping the remaining tests in the current suite: `Add multiple items to basket`
    at ensureExistence (https://automationteststore.com/__cypress/runner/cypress_runner.js:137673:32)
    at Object.ensureElExistence (https://automationteststore.com/__cypress/runner/cypress_runner.js:137691:12)
    at ensureExistence (https://automationteststore.com/__cypress/runner/cypress_runner.js:127867:23)
    at onFailFn (https://automationteststore.com/__cypress/runner/cypress_runner.js:127905:9)
    at tryCatcher (https://automationteststore.com/__cypress/runner/cypress_runner.js:9065:23)
    at Promise._settlePromiseFromHandler (https://automationteststore.com/__cypress/runner/cypress_runner.js:7000:31)
    at Promise._settlePromise (https://automationteststore.com/__cypress/runner/cypress_runner.js:7057:18)
    at Promise._settlePromise0 (https://automationteststore.com/__cypress/runner/cypress_runner.js:7102:10)
    at Promise._settlePromises (https://automationteststore.com/__cypress/runner/cypress_runner.js:7178:18)
    at _drainQueueStep (https://automationteststore.com/__cypress/runner/cypress_runner.js:3772:12)
    at _drainQueue (https://automationteststore.com/__cypress/runner/cypress_runner.js:3765:9)
    at Async.../../node_modules/bluebird/js/release/async.js.Async._drainQueues (https://automationteststore.com/__cypress/runner/cypress_runner.js:3781:5)
    at Async.drainQueues (https://automationteststore.com/__cypress/runner/cypress_runner.js:3651:14)

      + expected - actual]]></failure>
    
  </testcase>
  
</testsuite>

<testsuite name="Root Suite" timestamp="2023-02-27T22:20:44" tests="0" file="cypress\integration\webdriver-uni\data-table.js" time="0.000" failures="0"></testsuite>
<testsuite name="Handling Data" timestamp="2023-02-27T22:20:44" tests="2" time="25.194" failures="1">
  
  <testcase name="Handling Data &quot;before each&quot; hook for &quot;calculate and assert total ages of all users&quot;" time="0.000" classname="&quot;before each&quot; hook for &quot;calculate and assert total ages of all users&quot;">
    
    <failure message="Timed out retrying: Expected to find element: `#data-table`, but never found it.

Because this error occurred during a `before each` hook we are skipping the remaining tests in the current suite: `Handling Data`" type="AssertionError"><![CDATA[AssertionError: Timed out retrying: Expected to find element: `#data-table`, but never found it.

Because this error occurred during a `before each` hook we are skipping the remaining tests in the current suite: `Handling Data`
    at ensureExistence (http://www.webdriveruniversity.com/__cypress/runner/cypress_runner.js:137673:32)
    at Object.ensureElExistence (http://www.webdriveruniversity.com/__cypress/runner/cypress_runner.js:137691:12)
    at ensureExistence (http://www.webdriveruniversity.com/__cypress/runner/cypress_runner.js:127867:23)
    at onFailFn (http://www.webdriveruniversity.com/__cypress/runner/cypress_runner.js:127905:9)
    at tryCatcher (http://www.webdriveruniversity.com/__cypress/runner/cypress_runner.js:9065:23)
    at Promise._settlePromiseFromHandler (http://www.webdriveruniversity.com/__cypress/runner/cypress_runner.js:7000:31)
    at Promise._settlePromise (http://www.webdriveruniversity.com/__cypress/runner/cypress_runner.js:7057:18)
    at Promise._settlePromise0 (http://www.webdriveruniversity.com/__cypress/runner/cypress_runner.js:7102:10)
    at Promise._settlePromises (http://www.webdriveruniversity.com/__cypress/runner/cypress_runner.js:7178:18)
    at _drainQueueStep (http://www.webdriveruniversity.com/__cypress/runner/cypress_runner.js:3772:12)
    at _drainQueue (http://www.webdriveruniversity.com/__cypress/runner/cypress_runner.js:3765:9)
    at Async.../../node_modules/bluebird/js/release/async.js.Async._drainQueues (http://www.webdriveruniversity.com/__cypress/runner/cypress_runner.js:3781:5)
    at Async.drainQueues (http://www.webdriveruniversity.com/__cypress/runner/cypress_runner.js:3651:14)

      + expected - actual]]></failure>
    
  </testcase>
  
</testsuite>

<testsuite name="Root Suite" timestamp="2023-02-27T22:15:23" tests="0" file="cypress\integration\automation-test-store\alias-invoke.js" time="0.000" failures="0"></testsuite>
<testsuite name="Alias and Invoke" timestamp="2023-02-27T22:15:23" tests="1" time="17.651" failures="1">
  
  <testcase name="Alias and Invoke Calculate total of Normal and Sell products" time="0.000" classname="Calculate total of Normal and Sell products">
    
    <failure message="Timed out retrying: Expected to find element: `.thumbnail`, but never found it." type="AssertionError"><![CDATA[AssertionError: Timed out retrying: Expected to find element: `.thumbnail`, but never found it.
    at ensureExistence (https://automationteststore.com/__cypress/runner/cypress_runner.js:137673:32)
    at Object.ensureElExistence (https://automationteststore.com/__cypress/runner/cypress_runner.js:137691:12)
    at ensureExistence (https://automationteststore.com/__cypress/runner/cypress_runner.js:127867:23)
    at onFailFn (https://automationteststore.com/__cypress/runner/cypress_runner.js:127905:9)
    at tryCatcher (https://automationteststore.com/__cypress/runner/cypress_runner.js:9065:23)
    at Promise._settlePromiseFromHandler (https://automationteststore.com/__cypress/runner/cypress_runner.js:7000:31)
    at Promise._settlePromise (https://automationteststore.com/__cypress/runner/cypress_runner.js:7057:18)
    at Promise._settlePromise0 (https://automationteststore.com/__cypress/runner/cypress_runner.js:7102:10)
    at Promise._settlePromises (https://automationteststore.com/__cypress/runner/cypress_runner.js:7178:18)
    at _drainQueueStep (https://automationteststore.com/__cypress/runner/cypress_runner.js:3772:12)
    at _drainQueue (https://automationteststore.com/__cypress/runner/cypress_runner.js:3765:9)
    at Async.../../node_modules/bluebird/js/release/async.js.Async._drainQueues (https://automationteststore.com/__cypress/runner/cypress_runner.js:3781:5)
    at Async.drainQueues (https://automationteststore.com/__cypress/runner/cypress_runner.js:3651:14)

      + expected - actual]]></failure>
    
  </testcase>
  
</testsuite>

<testsuite name="Root Suite" timestamp="2023-02-27T22:18:18" tests="0" file="cypress\integration\webdriver-uni\checkboxes.js" time="0.000" failures="0"></testsuite>
<testsuite name="Verify checkboxes via webdriveruni" timestamp="2023-02-27T22:18:18" tests="3" time="73.681" failures="3">
  
  <testcase name="Verify checkboxes via webdriveruni Check and validate checkbox" time="0.000" classname="Check and validate checkbox">
    
    <failure message="Timed out retrying: Expected to find element: `#checkboxes &gt; :nth-child(1) &gt; input`, but never found it." type="AssertionError"><![CDATA[AssertionError: Timed out retrying: Expected to find element: `#checkboxes > :nth-child(1) > input`, but never found it.
    at ensureExistence (http://www.webdriveruniversity.com/__cypress/runner/cypress_runner.js:137673:32)
    at Object.ensureElExistence (http://www.webdriveruniversity.com/__cypress/runner/cypress_runner.js:137691:12)
    at ensureExistence (http://www.webdriveruniversity.com/__cypress/runner/cypress_runner.js:127867:23)
    at onFailFn (http://www.webdriveruniversity.com/__cypress/runner/cypress_runner.js:127905:9)
    at tryCatcher (http://www.webdriveruniversity.com/__cypress/runner/cypress_runner.js:9065:23)
    at Promise._settlePromiseFromHandler (http://www.webdriveruniversity.com/__cypress/runner/cypress_runner.js:7000:31)
    at Promise._settlePromise (http://www.webdriveruniversity.com/__cypress/runner/cypress_runner.js:7057:18)
    at Promise._settlePromise0 (http://www.webdriveruniversity.com/__cypress/runner/cypress_runner.js:7102:10)
    at Promise._settlePromises (http://www.webdriveruniversity.com/__cypress/runner/cypress_runner.js:7178:18)
    at _drainQueueStep (http://www.webdriveruniversity.com/__cypress/runner/cypress_runner.js:3772:12)
    at _drainQueue (http://www.webdriveruniversity.com/__cypress/runner/cypress_runner.js:3765:9)
    at Async.../../node_modules/bluebird/js/release/async.js.Async._drainQueues (http://www.webdriveruniversity.com/__cypress/runner/cypress_runner.js:3781:5)
    at Async.drainQueues (http://www.webdriveruniversity.com/__cypress/runner/cypress_runner.js:3651:14)

      + expected - actual]]></failure>
    
  </testcase>
  
  <testcase name="Verify checkboxes via webdriveruni Uncheck and validate checkbox" time="0.000" classname="Uncheck and validate checkbox">
    
    <failure message="Timed out retrying: Expected to find element: `:nth-child(5) &gt; input`, but never found it." type="AssertionError"><![CDATA[AssertionError: Timed out retrying: Expected to find element: `:nth-child(5) > input`, but never found it.
    at ensureExistence (http://www.webdriveruniversity.com/__cypress/runner/cypress_runner.js:137673:32)
    at Object.ensureElExistence (http://www.webdriveruniversity.com/__cypress/runner/cypress_runner.js:137691:12)
    at ensureExistence (http://www.webdriveruniversity.com/__cypress/runner/cypress_runner.js:127867:23)
    at onFailFn (http://www.webdriveruniversity.com/__cypress/runner/cypress_runner.js:127905:9)
    at tryCatcher (http://www.webdriveruniversity.com/__cypress/runner/cypress_runner.js:9065:23)
    at Promise._settlePromiseFromHandler (http://www.webdriveruniversity.com/__cypress/runner/cypress_runner.js:7000:31)
    at Promise._settlePromise (http://www.webdriveruniversity.com/__cypress/runner/cypress_runner.js:7057:18)
    at Promise._settlePromise0 (http://www.webdriveruniversity.com/__cypress/runner/cypress_runner.js:7102:10)
    at Promise._settlePromises (http://www.webdriveruniversity.com/__cypress/runner/cypress_runner.js:7178:18)
    at _drainQueueStep (http://www.webdriveruniversity.com/__cypress/runner/cypress_runner.js:3772:12)
    at _drainQueue (http://www.webdriveruniversity.com/__cypress/runner/cypress_runner.js:3765:9)
    at Async.../../node_modules/bluebird/js/release/async.js.Async._drainQueues (http://www.webdriveruniversity.com/__cypress/runner/cypress_runner.js:3781:5)
    at Async.drainQueues (http://www.webdriveruniversity.com/__cypress/runner/cypress_runner.js:3651:14)

      + expected - actual]]></failure>
    
  </testcase>
  
  <testcase name="Verify checkboxes via webdriveruni Check mutiple checkboxes" time="0.000" classname="Check mutiple checkboxes">
    
    <failure message="Timed out retrying: Expected to find element: `input[type=&apos;checkbox&apos;]`, but never found it." type="AssertionError"><![CDATA[AssertionError: Timed out retrying: Expected to find element: `input[type='checkbox']`, but never found it.
    at ensureExistence (http://www.webdriveruniversity.com/__cypress/runner/cypress_runner.js:137673:32)
    at Object.ensureElExistence (http://www.webdriveruniversity.com/__cypress/runner/cypress_runner.js:137691:12)
    at ensureExistence (http://www.webdriveruniversity.com/__cypress/runner/cypress_runner.js:127867:23)
    at onFailFn (http://www.webdriveruniversity.com/__cypress/runner/cypress_runner.js:127905:9)
    at tryCatcher (http://www.webdriveruniversity.com/__cypress/runner/cypress_runner.js:9065:23)
    at Promise._settlePromiseFromHandler (http://www.webdriveruniversity.com/__cypress/runner/cypress_runner.js:7000:31)
    at Promise._settlePromise (http://www.webdriveruniversity.com/__cypress/runner/cypress_runner.js:7057:18)
    at Promise._settlePromise0 (http://www.webdriveruniversity.com/__cypress/runner/cypress_runner.js:7102:10)
    at Promise._settlePromises (http://www.webdriveruniversity.com/__cypress/runner/cypress_runner.js:7178:18)
    at _drainQueueStep (http://www.webdriveruniversity.com/__cypress/runner/cypress_runner.js:3772:12)
    at _drainQueue (http://www.webdriveruniversity.com/__cypress/runner/cypress_runner.js:3765:9)
    at Async.../../node_modules/bluebird/js/release/async.js.Async._drainQueues (http://www.webdriveruniversity.com/__cypress/runner/cypress_runner.js:3781:5)
    at Async.drainQueues (http://www.webdriveruniversity.com/__cypress/runner/cypress_runner.js:3651:14)

      + expected - actual]]></failure>
    
  </testcase>
  
</testsuite>

<testsuite name="Root Suite" timestamp="2023-02-27T22:17:23" tests="0" file="cypress\integration\automation-test-store\variables-cy-commands.js" time="0.000" failures="0"></testsuite>
<testsuite name="Verifying variables, cypress commands and jquery commands" timestamp="2023-02-27T22:17:24" tests="1" time="18.827" failures="1">
  
  <testcase name="Verifying variables, cypress commands and jquery commands Validate properties of the contact us page" time="0.000" classname="Validate properties of the contact us page">
    
    <failure message="Timed out retrying: Expected to find content: &apos;Contact Us Form&apos; within the selector: &apos;#ContactUsFrm&apos; but never did." type="AssertionError"><![CDATA[AssertionError: Timed out retrying: Expected to find content: 'Contact Us Form' within the selector: '#ContactUsFrm' but never did.
AssertionError: Expected to find element: `#ContactUsFrm:not(script,style):cy-contains('Contact Us Form'), #ContactUsFrm[type='submit'][value~='Contact Us Form']`, but never found it.
    at ensureExistence (https://automationteststore.com/__cypress/runner/cypress_runner.js:137673:32)
    at Object.ensureElExistence (https://automationteststore.com/__cypress/runner/cypress_runner.js:137691:12)
    at ensureExistence (https://automationteststore.com/__cypress/runner/cypress_runner.js:127867:23)
    at onFailFn (https://automationteststore.com/__cypress/runner/cypress_runner.js:127905:9)
    at tryCatcher (https://automationteststore.com/__cypress/runner/cypress_runner.js:9065:23)
    at Promise._settlePromiseFromHandler (https://automationteststore.com/__cypress/runner/cypress_runner.js:7000:31)
    at Promise._settlePromise (https://automationteststore.com/__cypress/runner/cypress_runner.js:7057:18)
    at Promise._settlePromise0 (https://automationteststore.com/__cypress/runner/cypress_runner.js:7102:10)
    at Promise._settlePromises (https://automationteststore.com/__cypress/runner/cypress_runner.js:7178:18)
    at _drainQueueStep (https://automationteststore.com/__cypress/runner/cypress_runner.js:3772:12)
    at _drainQueue (https://automationteststore.com/__cypress/runner/cypress_runner.js:3765:9)
    at Async.../../node_modules/bluebird/js/release/async.js.Async._drainQueues (https://automationteststore.com/__cypress/runner/cypress_runner.js:3781:5)
    at Async.drainQueues (https://automationteststore.com/__cypress/runner/cypress_runner.js:3651:14)

      + expected - actual]]></failure>
    
  </testcase>
  
</testsuite>

<testsuite name="Root Suite" timestamp="2023-02-27T22:21:30" tests="0" file="cypress\integration\webdriver-uni\datepicker.js" time="0.000" failures="0"></testsuite>
<testsuite name="Test Datepicker via webdriveruni" timestamp="2023-02-27T22:21:30" tests="1" time="25.520" failures="1">
  
  <testcase name="Test Datepicker via webdriveruni Select date from the datepicker" time="0.000" classname="Select date from the datepicker">
    
    <failure message="Timed out retrying: Expected to find element: `#datepicker`, but never found it." type="AssertionError"><![CDATA[AssertionError: Timed out retrying: Expected to find element: `#datepicker`, but never found it.
    at ensureExistence (http://www.webdriveruniversity.com/__cypress/runner/cypress_runner.js:137673:32)
    at Object.ensureElExistence (http://www.webdriveruniversity.com/__cypress/runner/cypress_runner.js:137691:12)
    at ensureExistence (http://www.webdriveruniversity.com/__cypress/runner/cypress_runner.js:127867:23)
    at onFailFn (http://www.webdriveruniversity.com/__cypress/runner/cypress_runner.js:127905:9)
    at tryCatcher (http://www.webdriveruniversity.com/__cypress/runner/cypress_runner.js:9065:23)
    at Promise._settlePromiseFromHandler (http://www.webdriveruniversity.com/__cypress/runner/cypress_runner.js:7000:31)
    at Promise._settlePromise (http://www.webdriveruniversity.com/__cypress/runner/cypress_runner.js:7057:18)
    at Promise._settlePromise0 (http://www.webdriveruniversity.com/__cypress/runner/cypress_runner.js:7102:10)
    at Promise._settlePromises (http://www.webdriveruniversity.com/__cypress/runner/cypress_runner.js:7178:18)
    at _drainQueueStep (http://www.webdriveruniversity.com/__cypress/runner/cypress_runner.js:3772:12)
    at _drainQueue (http://www.webdriveruniversity.com/__cypress/runner/cypress_runner.js:3765:9)
    at Async.../../node_modules/bluebird/js/release/async.js.Async._drainQueues (http://www.webdriveruniversity.com/__cypress/runner/cypress_runner.js:3781:5)
    at Async.drainQueues (http://www.webdriveruniversity.com/__cypress/runner/cypress_runner.js:3651:14)

      + expected - actual]]></failure>
    
  </testcase>
  
</testsuite>

<testsuite name="Root Suite" timestamp="2023-02-27T22:16:52" tests="0" file="cypress\integration\automation-test-store\iterate-over-elements.js" time="0.000" failures="0"></testsuite>
<testsuite name="Iterate over elements" timestamp="2023-02-27T22:16:52" tests="4" time="18.280" failures="1">
  
  <testcase name="Iterate over elements &quot;before each&quot; hook for &quot;Log information of all hair care products&quot;" time="0.000" classname="&quot;before each&quot; hook for &quot;Log information of all hair care products&quot;">
    
    <failure message="Timed out retrying: Expected to find element: `a[href*=&apos;product/category&amp;path=&apos;]`, but never found it.

Because this error occurred during a `before each` hook we are skipping the remaining tests in the current suite: `Iterate over elements`" type="AssertionError"><![CDATA[AssertionError: Timed out retrying: Expected to find element: `a[href*='product/category&path=']`, but never found it.

Because this error occurred during a `before each` hook we are skipping the remaining tests in the current suite: `Iterate over elements`
    at ensureExistence (https://automationteststore.com/__cypress/runner/cypress_runner.js:137673:32)
    at Object.ensureElExistence (https://automationteststore.com/__cypress/runner/cypress_runner.js:137691:12)
    at ensureExistence (https://automationteststore.com/__cypress/runner/cypress_runner.js:127867:23)
    at onFailFn (https://automationteststore.com/__cypress/runner/cypress_runner.js:127905:9)
    at tryCatcher (https://automationteststore.com/__cypress/runner/cypress_runner.js:9065:23)
    at Promise._settlePromiseFromHandler (https://automationteststore.com/__cypress/runner/cypress_runner.js:7000:31)
    at Promise._settlePromise (https://automationteststore.com/__cypress/runner/cypress_runner.js:7057:18)
    at Promise._settlePromise0 (https://automationteststore.com/__cypress/runner/cypress_runner.js:7102:10)
    at Promise._settlePromises (https://automationteststore.com/__cypress/runner/cypress_runner.js:7178:18)
    at _drainQueueStep (https://automationteststore.com/__cypress/runner/cypress_runner.js:3772:12)
    at _drainQueue (https://automationteststore.com/__cypress/runner/cypress_runner.js:3765:9)
    at Async.../../node_modules/bluebird/js/release/async.js.Async._drainQueues (https://automationteststore.com/__cypress/runner/cypress_runner.js:3781:5)
    at Async.drainQueues (https://automationteststore.com/__cypress/runner/cypress_runner.js:3651:14)

      + expected - actual]]></failure>
    
  </testcase>
  
</testsuite>

</testsuites>