<?xml version="1.0" encoding="UTF-8"?>
<testsuites name="Mocha Tests" time="12.747" tests="1" failures="1">
  <testsuite name="Root Suite" timestamp="2023-02-27T22:17:55" tests="0" file="cypress\integration\webdriver-uni\1.1 traversing-elements.js" time="0.000" failures="0">
  </testsuite>
  <testsuite name="Traversing DOM elements in Cypress" timestamp="2023-02-27T22:17:55" tests="1" time="12.694" failures="1">
    <testcase name="Traversing DOM elements in Cypress &quot;before each&quot; hook for &quot;parents() to get parents DOM element of elements&quot;" time="0.000" classname="&quot;before each&quot; hook for &quot;parents() to get parents DOM element of elements&quot;">
      <failure message="Timed out retrying: Expected to find element: `#data-table`, but never found it.

Because this error occurred during a `before each` hook we are skipping the remaining tests in the current suite: `Traversing DOM elements in ...`" type="AssertionError"><![CDATA[AssertionError: Timed out retrying: Expected to find element: `#data-table`, but never found it.

Because this error occurred during a `before each` hook we are skipping the remaining tests in the current suite: `Traversing DOM elements in ...`
    at ensureExistence (http://www.webdriveruniversity.com/__cypress/runner/cypress_runner.js:137673:32)
    at Object.ensureElExistence (http://www.webdriveruniversity.com/__cypress/runner/cypress_runner.js:137691:12)
    at ensureExistence (http://www.webdriveruniversity.com/__cypress/runner/cypress_runner.js:127867:23)
    at onFailFn (http://www.webdriveruniversity.com/__cypress/runner/cypress_runner.js:127905:9)
    at tryCatcher (http://www.webdriveruniversity.com/__cypress/runner/cypress_runner.js:9065:23)
    at Promise._settlePromiseFromHandler (http://www.webdriveruniversity.com/__cypress/runner/cypress_runner.js:7000:31)
    at Promise._settlePromise (http://www.webdriveruniversity.com/__cypress/runner/cypress_runner.js:7057:18)
    at Promise._settlePromise0 (http://www.webdriveruniversity.com/__cypress/runner/cypress_runner.js:7102:10)
    at Promise._settlePromises (http://www.webdriveruniversity.com/__cypress/runner/cypress_runner.js:7178:18)
    at _drainQueueStep (http://www.webdriveruniversity.com/__cypress/runner/cypress_runner.js:3772:12)
    at _drainQueue (http://www.webdriveruniversity.com/__cypress/runner/cypress_runner.js:3765:9)
    at Async.../../node_modules/bluebird/js/release/async.js.Async._drainQueues (http://www.webdriveruniversity.com/__cypress/runner/cypress_runner.js:3781:5)
    at Async.drainQueues (http://www.webdriveruniversity.com/__cypress/runner/cypress_runner.js:3651:14)

      + expected - actual

]]></failure>
    </testcase>
  </testsuite>
</testsuites>